{
  "RSpec": {
    "coverage": {
      "/home/alexeyromanov/projects/rails/pictagram/lib/my_middleware.rb": [
        1,
        1,
        1,
        1,
        null,
        null,
        1,
        0,
        null,
        null,
        1,
        0,
        0,
        0,
        0,
        0,
        null,
        null,
        1,
        null,
        1,
        0,
        0,
        null,
        null
      ],
      "/home/alexeyromanov/projects/rails/pictagram/app/controllers/application_controller.rb": [
        1,
        1,
        1,
        null,
        1,
        1,
        1,
        1,
        null,
        1,
        0,
        null,
        null,
        1,
        0,
        null,
        null,
        1,
        0,
        null,
        null,
        1,
        0,
        null,
        null,
        1,
        0,
        null,
        null
      ],
      "/home/alexeyromanov/projects/rails/pictagram/lib/application_responder.rb": [
        1,
        1,
        1,
        null,
        null,
        null,
        null,
        null
      ],
      "/home/alexeyromanov/projects/rails/pictagram/lib/tasks/search_suggestions.rake": [
        1,
        1,
        1,
        0,
        null,
        null
      ],
      "/home/alexeyromanov/projects/rails/pictagram/app/models/tag.rb": [
        1,
        1,
        1,
        1,
        1,
        null,
        1,
        0,
        null,
        null
      ],
      "/home/alexeyromanov/projects/rails/pictagram/app/models/application_record.rb": [
        1,
        1,
        null
      ],
      "/home/alexeyromanov/projects/rails/pictagram/app/models/album.rb": [
        1,
        1,
        1,
        1,
        1,
        null,
        1,
        1,
        null,
        1,
        0,
        null,
        null
      ],
      "/home/alexeyromanov/projects/rails/pictagram/app/models/photo.rb": [
        1,
        1,
        1,
        1,
        1,
        null,
        1,
        1,
        null
      ],
      "/home/alexeyromanov/projects/rails/pictagram/app/models/tagging.rb": [
        1,
        1,
        1,
        null
      ],
      "/home/alexeyromanov/projects/rails/pictagram/app/models/comment.rb": [
        1,
        1,
        1,
        1,
        null
      ],
      "/home/alexeyromanov/projects/rails/pictagram/app/models/user.rb": [
        1,
        1,
        null,
        null,
        1,
        null,
        1,
        1,
        1,
        null,
        1,
        null,
        null,
        1,
        null,
        null,
        1,
        1,
        null,
        1,
        null,
        1,
        null,
        1,
        0,
        null,
        null,
        1,
        0,
        null,
        null,
        1,
        0,
        null,
        null
      ],
      "/home/alexeyromanov/projects/rails/pictagram/app/controllers/comments_controller.rb": [
        0,
        0,
        0,
        0,
        0,
        0,
        0,
        0,
        0,
        0,
        0,
        0,
        0,
        0,
        0,
        0,
        0,
        0,
        0,
        0,
        0,
        0,
        0,
        0,
        0,
        0,
        0,
        0,
        0,
        0,
        0,
        0,
        0,
        0,
        0,
        0,
        0,
        0,
        0,
        0,
        0,
        0,
        0,
        0,
        0,
        0,
        0,
        0,
        0,
        0,
        0,
        0,
        0,
        0,
        0,
        0,
        0,
        0,
        0,
        0,
        0,
        0,
        0,
        0,
        0,
        0,
        0,
        0,
        0,
        0
      ],
      "/home/alexeyromanov/projects/rails/pictagram/app/controllers/albums_controller.rb": [
        0,
        0,
        0,
        0,
        0,
        0,
        0,
        0,
        0,
        0,
        0,
        0,
        0,
        0,
        0,
        0,
        0,
        0,
        0,
        0,
        0,
        0,
        0,
        0,
        0,
        0,
        0,
        0,
        0,
        0,
        0,
        0,
        0,
        0,
        0,
        0,
        0,
        0,
        0,
        0,
        0,
        0,
        0,
        0,
        0,
        0,
        0,
        0,
        0,
        0
      ],
      "/home/alexeyromanov/projects/rails/pictagram/app/controllers/person_controller.rb": [
        0,
        0,
        0,
        0,
        0,
        0,
        0,
        0,
        0,
        0,
        0,
        0,
        0,
        0,
        0,
        0,
        0,
        0,
        0,
        0,
        0,
        0
      ],
      "/home/alexeyromanov/projects/rails/pictagram/app/controllers/searches_controller.rb": [
        0,
        0,
        0,
        0,
        0,
        0,
        0,
        0
      ],
      "/home/alexeyromanov/projects/rails/pictagram/app/controllers/registrations_controller.rb": [
        0,
        0,
        0,
        0,
        0,
        0,
        0,
        0,
        0,
        0,
        0,
        0,
        0
      ],
      "/home/alexeyromanov/projects/rails/pictagram/app/controllers/search_suggestions_controller.rb": [
        0,
        0,
        0,
        0,
        0
      ],
      "/home/alexeyromanov/projects/rails/pictagram/app/controllers/users_controller.rb": [
        0,
        0,
        0,
        0,
        0,
        0,
        0,
        0,
        0,
        0,
        0,
        0,
        0,
        0,
        0,
        0
      ],
      "/home/alexeyromanov/projects/rails/pictagram/app/controllers/relationships_controller.rb": [
        0,
        0,
        0,
        0,
        0,
        0,
        0,
        0,
        0,
        0,
        0,
        0,
        0,
        0,
        0,
        0,
        0,
        0,
        0,
        0,
        0,
        0
      ],
      "/home/alexeyromanov/projects/rails/pictagram/app/controllers/tags_controller.rb": [
        0,
        0,
        0,
        0,
        0
      ],
      "/home/alexeyromanov/projects/rails/pictagram/app/controllers/photos_controller.rb": [
        0,
        0,
        0,
        0,
        0,
        0,
        0,
        0,
        0,
        0,
        0,
        0,
        0,
        0,
        0,
        0,
        0,
        0,
        0,
        0,
        0,
        0,
        0,
        0,
        0,
        0,
        0,
        0,
        0,
        0,
        0,
        0,
        0,
        0,
        0,
        0,
        0,
        0,
        0,
        0,
        0,
        0,
        0,
        0,
        0,
        0,
        0,
        0,
        0,
        0,
        0,
        0,
        0,
        0
      ],
      "/home/alexeyromanov/projects/rails/pictagram/app/models/search_suggestion.rb": [
        0,
        0,
        0,
        0,
        0,
        0,
        0,
        0,
        0,
        0,
        0,
        0,
        0,
        0,
        0,
        0,
        0,
        0,
        0,
        0,
        0,
        0,
        0,
        0,
        0
      ],
      "/home/alexeyromanov/projects/rails/pictagram/app/models/ability.rb": [
        0,
        0,
        0,
        0,
        0,
        0,
        0,
        0,
        0,
        0,
        0,
        0,
        0,
        0,
        0,
        0,
        0,
        0,
        0,
        0,
        0,
        0,
        0
      ],
      "/home/alexeyromanov/projects/rails/pictagram/app/models/relationship.rb": [
        0,
        0,
        0,
        0,
        0
      ],
      "/home/alexeyromanov/projects/rails/pictagram/app/services/notifications/comment_notification.rb": [
        0,
        0,
        0,
        0,
        0,
        0,
        0,
        0,
        0,
        0,
        0,
        0,
        0,
        0,
        0
      ],
      "/home/alexeyromanov/projects/rails/pictagram/app/services/notifications/abstract_notification.rb": [
        0,
        0,
        0,
        0,
        0,
        0,
        0,
        0,
        0,
        0,
        0,
        0,
        0
      ],
      "/home/alexeyromanov/projects/rails/pictagram/app/services/notifications/follow_notification.rb": [
        0,
        0,
        0,
        0,
        0,
        0,
        0,
        0,
        0,
        0,
        0,
        0,
        0,
        0,
        0
      ],
      "/home/alexeyromanov/projects/rails/pictagram/app/services/tag_service.rb": [
        0,
        0,
        0,
        0,
        0,
        0,
        0,
        0,
        0,
        0,
        0,
        0,
        0,
        0,
        0,
        0,
        0,
        0,
        0,
        0,
        0
      ],
      "/home/alexeyromanov/projects/rails/pictagram/app/mailers/application_mailer.rb": [
        0,
        0,
        0,
        0
      ],
      "/home/alexeyromanov/projects/rails/pictagram/app/mailers/user_mailer.rb": [
        0,
        0,
        0,
        0,
        0
      ]
    },
    "timestamp": 1501858938
  }
}
